# JRE version: OpenJDK Runtime Environment (17.0.7) (build 17.0.7+0-b2043.56-10550314)
# Java VM: OpenJDK 64-Bit Server VM (17.0.7+0-b2043.56-10550314, mixed mode, tiered, compressed oops, compressed class ptrs, g1 gc, windows-amd64)
GC Precious Log:
 CPUs: 4 total, 4 available
 Memory: 8083M
 Large Page Support: Disabled
 NUMA Support: Disabled
 Compressed Oops: Enabled (Zero based)
 Heap Region Size: 4M
 Heap Min Capacity: 8M
 Heap Initial Capacity: 128M
 Heap Max Capacity: 4608M
 Pre-touch: Disabled
 Parallel Workers: 4
 Concurrent Workers: 1
 Concurrent Refinement Workers: 4
 Periodic GC: Disabled
Heap:
 garbage-first heap   total 1294336K, used 445812K [0x00000006e0000000, 0x0000000800000000)
  region size 4096K, 2 young (8192K), 2 survivors (8192K)
 Metaspace       used 133356K, committed 134208K, reserved 1179648K
  class space    used 17882K, committed 18304K, reserved 1048576K
GC Heap History (20 events):
Event: 108.251 GC heap after
{Heap after GC invocations=56 (full 0):
 garbage-first heap   total 1294336K, used 245382K [0x00000006e0000000, 0x0000000800000000)
  region size 4096K, 6 young (24576K), 6 survivors (24576K)
 Metaspace       used 130459K, committed 131264K, reserved 1179648K
  class space    used 17584K, committed 17984K, reserved 1048576K
}
Event: 110.742 GC heap before
{Heap before GC invocations=56 (full 0):
 garbage-first heap   total 1294336K, used 994950K [0x00000006e0000000, 0x0000000800000000)
  region size 4096K, 189 young (774144K), 6 survivors (24576K)
 Metaspace       used 130500K, committed 131328K, reserved 1179648K
  class space    used 17585K, committed 17984K, reserved 1048576K
}
Event: 111.307 GC heap after
{Heap after GC invocations=57 (full 0):
 garbage-first heap   total 1294336K, used 317834K [0x00000006e0000000, 0x0000000800000000)
  region size 4096K, 24 young (98304K), 24 survivors (98304K)
 Metaspace       used 130500K, committed 131328K, reserved 1179648K
  class space    used 17585K, committed 17984K, reserved 1048576K
}
Event: 112.776 GC heap before
{Heap before GC invocations=57 (full 0):
 garbage-first heap   total 1294336K, used 555402K [0x00000006e0000000, 0x0000000800000000)
  region size 4096K, 83 young (339968K), 24 survivors (98304K)
 Metaspace       used 130507K, committed 131328K, reserved 1179648K
  class space    used 17587K, committed 17984K, reserved 1048576K
}
Event: 113.764 GC heap after
{Heap after GC invocations=58 (full 0):
 garbage-first heap   total 1294336K, used 314815K [0x00000006e0000000, 0x0000000800000000)
  region size 4096K, 2 young (8192K), 2 survivors (8192K)
 Metaspace       used 130507K, committed 131328K, reserved 1179648K
  class space    used 17587K, committed 17984K, reserved 1048576K
}
Event: 117.020 GC heap before
{Heap before GC invocations=58 (full 0):
 garbage-first heap   total 1294336K, used 773567K [0x00000006e0000000, 0x0000000800000000)
  region size 4096K, 115 young (471040K), 2 survivors (8192K)
 Metaspace       used 130532K, committed 131328K, reserved 1179648K
  class space    used 17589K, committed 17984K, reserved 1048576K
}
Event: 117.060 GC heap after
{Heap after GC invocations=59 (full 0):
 garbage-first heap   total 1294336K, used 314732K [0x00000006e0000000, 0x0000000800000000)
  region size 4096K, 2 young (8192K), 2 survivors (8192K)
 Metaspace       used 130532K, committed 131328K, reserved 1179648K
  class space    used 17589K, committed 17984K, reserved 1048576K
}
Event: 118.047 GC heap before
{Heap before GC invocations=59 (full 0):
 garbage-first heap   total 1294336K, used 920940K [0x00000006e0000000, 0x0000000800000000)
  region size 4096K, 150 young (614400K), 2 survivors (8192K)
 Metaspace       used 130566K, committed 131392K, reserved 1179648K
  class space    used 17593K, committed 17984K, reserved 1048576K
}
Event: 118.075 GC heap after
{Heap after GC invocations=60 (full 0):
 garbage-first heap   total 1294336K, used 315285K [0x00000006e0000000, 0x0000000800000000)
  region size 4096K, 3 young (12288K), 3 survivors (12288K)
 Metaspace       used 130566K, committed 131392K, reserved 1179648K
  class space    used 17593K, committed 17984K, reserved 1048576K
}
Event: 119.180 GC heap before
{Heap before GC invocations=60 (full 0):
 garbage-first heap   total 1294336K, used 1077141K [0x00000006e0000000, 0x0000000800000000)
  region size 4096K, 189 young (774144K), 3 survivors (12288K)
 Metaspace       used 130573K, committed 131392K, reserved 1179648K
  class space    used 17595K, committed 17984K, reserved 1048576K
}
Event: 119.203 GC heap after
{Heap after GC invocations=61 (full 0):
 garbage-first heap   total 1294336K, used 318090K [0x00000006e0000000, 0x0000000800000000)
  region size 4096K, 3 young (12288K), 3 survivors (12288K)
 Metaspace       used 130573K, committed 131392K, reserved 1179648K
  class space    used 17595K, committed 17984K, reserved 1048576K
}
Event: 121.371 GC heap before
{Heap before GC invocations=61 (full 0):
 garbage-first heap   total 1294336K, used 1084042K [0x00000006e0000000, 0x0000000800000000)
  region size 4096K, 189 young (774144K), 3 survivors (12288K)
 Metaspace       used 131128K, committed 131904K, reserved 1179648K
  class space    used 17626K, committed 17984K, reserved 1048576K
}
Event: 121.404 GC heap after
{Heap after GC invocations=62 (full 0):
 garbage-first heap   total 1294336K, used 321407K [0x00000006e0000000, 0x0000000800000000)
  region size 4096K, 4 young (16384K), 4 survivors (16384K)
 Metaspace       used 131128K, committed 131904K, reserved 1179648K
  class space    used 17626K, committed 17984K, reserved 1048576K
}
Event: 124.302 GC heap before
{Heap before GC invocations=62 (full 0):
 garbage-first heap   total 1294336K, used 1079167K [0x00000006e0000000, 0x0000000800000000)
  region size 4096K, 189 young (774144K), 4 survivors (16384K)
 Metaspace       used 131240K, committed 132096K, reserved 1179648K
  class space    used 17631K, committed 18048K, reserved 1048576K
}
Event: 124.342 GC heap after
{Heap after GC invocations=63 (full 0):
 garbage-first heap   total 1294336K, used 327103K [0x00000006e0000000, 0x0000000800000000)
  region size 4096K, 5 young (20480K), 5 survivors (20480K)
 Metaspace       used 131240K, committed 132096K, reserved 1179648K
  class space    used 17631K, committed 18048K, reserved 1048576K
}
Event: 130.759 GC heap before
{Heap before GC invocations=63 (full 0):
 garbage-first heap   total 1294336K, used 1101247K [0x00000006e0000000, 0x0000000800000000)
  region size 4096K, 189 young (774144K), 5 survivors (20480K)
 Metaspace       used 133336K, committed 134208K, reserved 1179648K
  class space    used 17882K, committed 18304K, reserved 1048576K
}
Event: 132.187 GC heap after
{Heap after GC invocations=64 (full 0):
 garbage-first heap   total 1294336K, used 437865K [0x00000006e0000000, 0x0000000800000000)
  region size 4096K, 24 young (98304K), 24 survivors (98304K)
 Metaspace       used 133336K, committed 134208K, reserved 1179648K
  class space    used 17882K, committed 18304K, reserved 1048576K
}
Event: 132.483 GC heap before
{Heap before GC invocations=64 (full 0):
 garbage-first heap   total 1294336K, used 441961K [0x00000006e0000000, 0x0000000800000000)
  region size 4096K, 25 young (102400K), 24 survivors (98304K)
 Metaspace       used 133336K, committed 134208K, reserved 1179648K
  class space    used 17882K, committed 18304K, reserved 1048576K
}
Event: 132.813 GC heap after
{Heap after GC invocations=65 (full 0):
 garbage-first heap   total 1294336K, used 448281K [0x00000006e0000000, 0x0000000800000000)
  region size 4096K, 2 young (8192K), 2 survivors (8192K)
 Metaspace       used 133336K, committed 134208K, reserved 1179648K
  class space    used 17882K, committed 18304K, reserved 1048576K
}
Event: 133.616 GC heap before
{Heap before GC invocations=65 (full 0):
 garbage-first heap   total 1294336K, used 497433K [0x00000006e0000000, 0x0000000800000000)
  region size 4096K, 15 young (61440K), 2 survivors (8192K)
 Metaspace       used 133356K, committed 134208K, reserved 1179648K
  class space    used 17882K, committed 18304K, reserved 1048576K
}

