# JRE version: OpenJDK Runtime Environment (17.0.7) (build 17.0.7+0-b2043.56-10550314)
# Java VM: OpenJDK 64-Bit Server VM (17.0.7+0-b2043.56-10550314, mixed mode, tiered, compressed oops, compressed class ptrs, g1 gc, windows-amd64)
GC Precious Log:
 CPUs: 4 total, 4 available
 Memory: 8083M
 Large Page Support: Disabled
 NUMA Support: Disabled
 Compressed Oops: Enabled (Zero based)
 Heap Region Size: 4M
 Heap Min Capacity: 8M
 Heap Initial Capacity: 128M
 Heap Max Capacity: 4608M
 Pre-touch: Disabled
 Parallel Workers: 4
 Concurrent Workers: 1
 Concurrent Refinement Workers: 4
 Periodic GC: Disabled
Heap:
 garbage-first heap   total 872448K, used 221726K [0x00000006e0000000, 0x0000000800000000)
  region size 4096K, 1 young (4096K), 1 survivors (4096K)
 Metaspace       used 134914K, committed 135744K, reserved 1179648K
  class space    used 17862K, committed 18304K, reserved 1048576K
GC Heap History (20 events):
Event: 48.262 GC heap after
{Heap after GC invocations=44 (full 0):
 garbage-first heap   total 507904K, used 135160K [0x00000006e0000000, 0x0000000800000000)
  region size 4096K, 4 young (16384K), 4 survivors (16384K)
 Metaspace       used 116545K, committed 117440K, reserved 1179648K
  class space    used 15414K, committed 15872K, reserved 1048576K
}
Event: 49.299 GC heap before
{Heap before GC invocations=44 (full 0):
 garbage-first heap   total 507904K, used 139256K [0x00000006e0000000, 0x0000000800000000)
  region size 4096K, 6 young (24576K), 4 survivors (16384K)
 Metaspace       used 116702K, committed 117568K, reserved 1179648K
  class space    used 15439K, committed 15872K, reserved 1048576K
}
Event: 49.393 GC heap after
{Heap after GC invocations=45 (full 0):
 garbage-first heap   total 507904K, used 128502K [0x00000006e0000000, 0x0000000800000000)
  region size 4096K, 1 young (4096K), 1 survivors (4096K)
 Metaspace       used 116702K, committed 117568K, reserved 1179648K
  class space    used 15439K, committed 15872K, reserved 1048576K
}
Event: 52.347 GC heap before
{Heap before GC invocations=45 (full 0):
 garbage-first heap   total 507904K, used 390646K [0x00000006e0000000, 0x0000000800000000)
  region size 4096K, 65 young (266240K), 1 survivors (4096K)
 Metaspace       used 119426K, committed 120320K, reserved 1179648K
  class space    used 15804K, committed 16256K, reserved 1048576K
}
Event: 52.355 GC heap after
{Heap after GC invocations=46 (full 0):
 garbage-first heap   total 507904K, used 130433K [0x00000006e0000000, 0x0000000800000000)
  region size 4096K, 1 young (4096K), 1 survivors (4096K)
 Metaspace       used 119426K, committed 120320K, reserved 1179648K
  class space    used 15804K, committed 16256K, reserved 1048576K
}
Event: 55.696 GC heap before
{Heap before GC invocations=46 (full 0):
 garbage-first heap   total 507904K, used 421249K [0x00000006e0000000, 0x0000000800000000)
  region size 4096K, 68 young (278528K), 1 survivors (4096K)
 Metaspace       used 130120K, committed 130944K, reserved 1179648K
  class space    used 17373K, committed 17792K, reserved 1048576K
}
Event: 55.792 GC heap after
{Heap after GC invocations=47 (full 0):
 garbage-first heap   total 507904K, used 174961K [0x00000006e0000000, 0x0000000800000000)
  region size 4096K, 9 young (36864K), 9 survivors (36864K)
 Metaspace       used 130120K, committed 130944K, reserved 1179648K
  class space    used 17373K, committed 17792K, reserved 1048576K
}
Event: 57.272 GC heap before
{Heap before GC invocations=47 (full 0):
 garbage-first heap   total 507904K, used 396145K [0x00000006e0000000, 0x0000000800000000)
  region size 4096K, 63 young (258048K), 9 survivors (36864K)
 Metaspace       used 133416K, committed 134336K, reserved 1179648K
  class space    used 17781K, committed 18240K, reserved 1048576K
}
Event: 57.400 GC heap after
{Heap after GC invocations=48 (full 0):
 garbage-first heap   total 507904K, used 195711K [0x00000006e0000000, 0x0000000800000000)
  region size 4096K, 6 young (24576K), 6 survivors (24576K)
 Metaspace       used 133416K, committed 134336K, reserved 1179648K
  class space    used 17781K, committed 18240K, reserved 1048576K
}
Event: 58.437 GC heap before
{Heap before GC invocations=48 (full 0):
 garbage-first heap   total 507904K, used 392319K [0x00000006e0000000, 0x0000000800000000)
  region size 4096K, 55 young (225280K), 6 survivors (24576K)
 Metaspace       used 134206K, committed 135104K, reserved 1179648K
  class space    used 17814K, committed 18240K, reserved 1048576K
}
Event: 58.547 GC heap after
{Heap after GC invocations=49 (full 0):
 garbage-first heap   total 507904K, used 211559K [0x00000006e0000000, 0x0000000800000000)
  region size 4096K, 5 young (20480K), 5 survivors (20480K)
 Metaspace       used 134206K, committed 135104K, reserved 1179648K
  class space    used 17814K, committed 18240K, reserved 1048576K
}
Event: 59.481 GC heap before
{Heap before GC invocations=49 (full 0):
 garbage-first heap   total 507904K, used 399975K [0x00000006e0000000, 0x0000000800000000)
  region size 4096K, 51 young (208896K), 5 survivors (20480K)
 Metaspace       used 134600K, committed 135488K, reserved 1179648K
  class space    used 17842K, committed 18304K, reserved 1048576K
}
Event: 59.522 GC heap after
{Heap after GC invocations=50 (full 0):
 garbage-first heap   total 872448K, used 217067K [0x00000006e0000000, 0x0000000800000000)
  region size 4096K, 2 young (8192K), 2 survivors (8192K)
 Metaspace       used 134600K, committed 135488K, reserved 1179648K
  class space    used 17842K, committed 18304K, reserved 1048576K
}
Event: 65.406 GC heap before
{Heap before GC invocations=50 (full 0):
 garbage-first heap   total 872448K, used 688107K [0x00000006e0000000, 0x0000000800000000)
  region size 4096K, 117 young (479232K), 2 survivors (8192K)
 Metaspace       used 134900K, committed 135744K, reserved 1179648K
  class space    used 17862K, committed 18304K, reserved 1048576K
}
Event: 67.251 GC heap after
{Heap after GC invocations=51 (full 0):
 garbage-first heap   total 872448K, used 221708K [0x00000006e0000000, 0x0000000800000000)
  region size 4096K, 3 young (12288K), 3 survivors (12288K)
 Metaspace       used 134900K, committed 135744K, reserved 1179648K
  class space    used 17862K, committed 18304K, reserved 1048576K
}
Event: 67.891 GC heap before
{Heap before GC invocations=51 (full 0):
 garbage-first heap   total 872448K, used 246284K [0x00000006e0000000, 0x0000000800000000)
  region size 4096K, 10 young (40960K), 3 survivors (12288K)
 Metaspace       used 134904K, committed 135744K, reserved 1179648K
  class space    used 17862K, committed 18304K, reserved 1048576K
}
Event: 67.993 GC heap after
{Heap after GC invocations=52 (full 0):
 garbage-first heap   total 872448K, used 222204K [0x00000006e0000000, 0x0000000800000000)
  region size 4096K, 1 young (4096K), 1 survivors (4096K)
 Metaspace       used 134904K, committed 135744K, reserved 1179648K
  class space    used 17862K, committed 18304K, reserved 1048576K
}
Event: 68.104 GC heap before
{Heap before GC invocations=52 (full 0):
 garbage-first heap   total 872448K, used 259068K [0x00000006e0000000, 0x0000000800000000)
  region size 4096K, 10 young (40960K), 1 survivors (4096K)
 Metaspace       used 134912K, committed 135744K, reserved 1179648K
  class space    used 17862K, committed 18304K, reserved 1048576K
}
Event: 68.107 GC heap after
{Heap after GC invocations=53 (full 0):
 garbage-first heap   total 872448K, used 221648K [0x00000006e0000000, 0x0000000800000000)
  region size 4096K, 1 young (4096K), 1 survivors (4096K)
 Metaspace       used 134912K, committed 135744K, reserved 1179648K
  class space    used 17862K, committed 18304K, reserved 1048576K
}
Event: 69.124 GC heap before
{Heap before GC invocations=53 (full 0):
 garbage-first heap   total 872448K, used 258512K [0x00000006e0000000, 0x0000000800000000)
  region size 4096K, 10 young (40960K), 1 survivors (4096K)
 Metaspace       used 134914K, committed 135744K, reserved 1179648K
  class space    used 17862K, committed 18304K, reserved 1048576K
}

